[22:00:21] [main/ERROR]: No key layers in MapLike[{}]; No key structures in MapLike[{}]; Not a registry ops
[22:00:21] [main/INFO]: Environment: authHost='https://authserver.mojang.com', accountsHost='https://api.mojang.com', sessionHost='https://sessionserver.mojang.com', name='PROD'
[22:00:22] [main/WARN]: Ambiguity between arguments [teleport, destination] and [teleport, targets] with inputs: [Player, 0123, @e, dd12be42-52a9-4a91-a8a1-11c01849e498]
[22:00:22] [main/WARN]: Ambiguity between arguments [teleport, location] and [teleport, destination] with inputs: [0.1 -0.5 .9, 0 0 0]
[22:00:22] [main/WARN]: Ambiguity between arguments [teleport, location] and [teleport, targets] with inputs: [0.1 -0.5 .9, 0 0 0]
[22:00:22] [main/WARN]: Ambiguity between arguments [teleport, targets] and [teleport, destination] with inputs: [Player, 0123, dd12be42-52a9-4a91-a8a1-11c01849e498]
[22:00:22] [main/WARN]: Ambiguity between arguments [teleport, targets, location] and [teleport, targets, destination] with inputs: [0.1 -0.5 .9, 0 0 0]
[22:00:22] [main/INFO]: Reloading ResourceManager: Default
[22:00:22] [Worker-Main-5/INFO]: Loaded 7 recipes
[22:00:23] [Worker-Main-5/INFO]: Loaded 927 advancements
[22:00:24] [Server thread/INFO]: Starting minecraft server version 1.16.2
[22:00:24] [Server thread/INFO]: Loading properties
[22:00:24] [Server thread/INFO]: Default game type: CREATIVE
[22:00:24] [Server thread/INFO]: Generating keypair
[22:00:25] [Server thread/INFO]: Starting Minecraft server on *:25565
[22:00:25] [Server thread/INFO]: Using epoll channel type
[22:00:25] [Server thread/INFO]: Preparing level "world"
[22:00:25] [Server thread/INFO]: Preparing start region for dimension minecraft:overworld
[22:00:26] [Server thread/INFO]: Preparing spawn area: 0%
[22:00:26] [Server thread/INFO]: Preparing spawn area: 0%
[22:00:26] [Server thread/INFO]: Preparing spawn area: 0%
[22:00:27] [Server thread/INFO]: Preparing spawn area: 15%
[22:00:27] [Server thread/INFO]: Preparing spawn area: 93%
[22:00:28] [Server thread/INFO]: Preparing spawn area: 94%
[22:00:28] [Server thread/INFO]: Time elapsed: 2903 ms
[22:00:28] [Server thread/INFO]: Done (3.083s)! For help, type "help"
[22:00:28] [Server thread/INFO]: Starting remote control listener
[22:00:28] [Server thread/INFO]: Thread RCON Listener started
[22:00:28] [Server thread/INFO]: RCON running on 0.0.0.0:25575
[22:01:35] [Server thread/INFO]: [Server] Shutown request approved. Server is shutting down in 15 seconds...
[22:01:50] [Server thread/INFO]: Saving the game (this may take a moment!)
[22:01:50] [Server console handler/ERROR]: Exception handling console input
java.io.IOException: Input/output error
	at java.io.FileInputStream.readBytes(Native Method) ~[?:?]
	at java.io.FileInputStream.read(FileInputStream.java:279) ~[?:?]
	at java.io.BufferedInputStream.read1(BufferedInputStream.java:290) ~[?:?]
	at java.io.BufferedInputStream.read(BufferedInputStream.java:351) ~[?:?]
	at sun.nio.cs.StreamDecoder.readBytes(StreamDecoder.java:284) ~[?:?]
	at sun.nio.cs.StreamDecoder.implRead(StreamDecoder.java:326) ~[?:?]
	at sun.nio.cs.StreamDecoder.read(StreamDecoder.java:178) ~[?:?]
	at java.io.InputStreamReader.read(InputStreamReader.java:185) ~[?:?]
	at java.io.BufferedReader.fill(BufferedReader.java:161) ~[?:?]
	at java.io.BufferedReader.readLine(BufferedReader.java:326) ~[?:?]
	at java.io.BufferedReader.readLine(BufferedReader.java:392) ~[?:?]
	at zg$1.run(SourceFile:89) [server.jar:?]
