[01:22:39] [main/INFO]: Environment: authHost='https://authserver.mojang.com', accountsHost='https://api.mojang.com', sessionHost='https://sessionserver.mojang.com', name='PROD'
[01:22:41] [main/WARN]: Ambiguity between arguments [teleport, destination] and [teleport, targets] with inputs: [Player, 0123, @e, dd12be42-52a9-4a91-a8a1-11c01849e498]
[01:22:41] [main/WARN]: Ambiguity between arguments [teleport, location] and [teleport, destination] with inputs: [0.1 -0.5 .9, 0 0 0]
[01:22:41] [main/WARN]: Ambiguity between arguments [teleport, location] and [teleport, targets] with inputs: [0.1 -0.5 .9, 0 0 0]
[01:22:41] [main/WARN]: Ambiguity between arguments [teleport, targets] and [teleport, destination] with inputs: [Player, 0123, dd12be42-52a9-4a91-a8a1-11c01849e498]
[01:22:41] [main/WARN]: Ambiguity between arguments [teleport, targets, location] and [teleport, targets, destination] with inputs: [0.1 -0.5 .9, 0 0 0]
[01:22:41] [main/INFO]: Reloading ResourceManager: Default
[01:22:42] [Worker-Main-6/INFO]: Loaded 7 recipes
[01:22:42] [Worker-Main-6/INFO]: Loaded 927 advancements
[01:22:44] [Server thread/INFO]: Starting minecraft server version 1.16.2
[01:22:44] [Server thread/INFO]: Loading properties
[01:22:44] [Server thread/INFO]: Default game type: SURVIVAL
[01:22:44] [Server thread/INFO]: Generating keypair
[01:22:44] [Server thread/INFO]: Starting Minecraft server on *:25566
[01:22:44] [Server thread/INFO]: Using epoll channel type
[01:22:44] [Server thread/INFO]: Preparing level "world"
[01:22:45] [Server thread/INFO]: Preparing start region for dimension minecraft:overworld
[01:22:46] [Server thread/INFO]: Preparing spawn area: 0%
[01:22:46] [Server thread/INFO]: Preparing spawn area: 0%
[01:22:46] [Server thread/INFO]: Preparing spawn area: 0%
[01:22:48] [Server thread/INFO]: Preparing spawn area: 0%
[01:22:48] [Server thread/INFO]: Preparing spawn area: 0%
[01:22:48] [Server thread/INFO]: Preparing spawn area: 0%
[01:22:48] [Server thread/INFO]: Preparing spawn area: 0%
[01:22:48] [Server thread/INFO]: Preparing spawn area: 0%
[01:22:49] [Server thread/INFO]: Time elapsed: 3991 ms
[01:22:49] [Server thread/INFO]: Done (4.133s)! For help, type "help"
[01:23:15] [User Authenticator #1/INFO]: UUID of player BrownTanker1995 is 740b8f92-b4d2-413b-adc8-86aa32d1f505
[01:23:15] [Server thread/INFO]: BrownTanker1995[/192.168.0.50:9918] logged in with entity id 104 at (-279.9989729365252, 63.0, -502.773143534427)
[01:23:15] [Server thread/INFO]: BrownTanker1995 joined the game
[01:45:35] [Server thread/WARN]: BrownTanker1995 moved too quickly! -9.834812959026635,2.395575898673286,0.4641450981238222
[02:09:01] [Server thread/INFO]: Villager bfg['Villager'/4572, l='ServerLevel[world]', x=-724.30, y=66.00, z=-426.17] died, message: 'Villager was slain by Zombie'
[02:25:38] [Server thread/INFO]: BrownTanker1995 lost connection: Disconnected
[02:25:38] [Server thread/INFO]: BrownTanker1995 left the game
[02:26:22] [Server thread/INFO]: Unknown or incomplete command, see below for error
[02:26:22] [Server thread/INFO]: shutdown<--[HERE]
[02:26:30] [Server thread/INFO]: Unknown or incomplete command, see below for error
[02:26:30] [Server thread/INFO]: exit<--[HERE]
[02:26:34] [Server thread/INFO]: Stopping the server
[02:26:34] [Server thread/INFO]: Stopping server
[02:26:34] [Server thread/INFO]: Saving players
[02:26:34] [Server thread/INFO]: Saving worlds
[02:26:34] [Server thread/INFO]: Saving chunks for level 'ServerLevel[world]'/minecraft:overworld
[02:27:06] [Server thread/INFO]: ThreadedAnvilChunkStorage (world): All chunks are saved
[02:27:06] [Server thread/INFO]: Saving chunks for level 'ServerLevel[world]'/minecraft:the_nether
[02:27:06] [Server thread/INFO]: ThreadedAnvilChunkStorage (DIM-1): All chunks are saved
[02:27:06] [Server thread/INFO]: Saving chunks for level 'ServerLevel[world]'/minecraft:the_end
[02:27:06] [Server thread/INFO]: ThreadedAnvilChunkStorage (DIM1): All chunks are saved
[02:27:06] [Server thread/INFO]: ThreadedAnvilChunkStorage (world): All chunks are saved
[02:27:06] [Server thread/INFO]: ThreadedAnvilChunkStorage (DIM-1): All chunks are saved
[02:27:06] [Server thread/INFO]: ThreadedAnvilChunkStorage (DIM1): All chunks are saved
